22:46:48: Creating resource group General
22:46:48: Creating resource group Internal
22:46:48: Creating resource group Autodetect
22:46:48: SceneManagerFactory for type 'DefaultSceneManager' registered.
22:46:48: Registering ResourceManager for type Material
22:46:48: Registering ResourceManager for type Mesh
22:46:48: Registering ResourceManager for type Skeleton
22:46:48: MovableObjectFactory for type 'ParticleSystem' registered.
22:46:48: OverlayElementFactory for type Panel registered.
22:46:48: OverlayElementFactory for type BorderPanel registered.
22:46:48: OverlayElementFactory for type TextArea registered.
22:46:48: Registering ResourceManager for type Font
22:46:48: ArchiveFactory for archive type FileSystem registered.
22:46:48: ArchiveFactory for archive type Zip registered.
22:46:48: ArchiveFactory for archive type EmbeddedZip registered.
22:46:48: DDS codec registering
22:46:48: FreeImage version: 3.15.4
22:46:48: This program uses FreeImage, a free, open source image library supporting all common bitmap formats. See http://freeimage.sourceforge.net for details
22:46:48: Supported formats: bmp,ico,jpg,jif,jpeg,jpe,jng,koa,iff,lbm,mng,pbm,pbm,pcd,pcx,pgm,pgm,png,ppm,ppm,ras,tga,targa,tif,tiff,wap,wbmp,wbm,psd,cut,xbm,xpm,gif,hdr,g3,sgi,exr,j2k,j2c,jp2,pfm,pct,pict,pic,3fr,arw,bay,bmq,cap,cine,cr2,crw,cs1,dc2,dcr,drf,dsc,dng,erf,fff,ia,iiq,k25,kc2,kdc,mdc,mef,mos,mrw,nef,nrw,orf,pef,ptx,pxn,qtk,raf,raw,rdc,rw2,rwl,rwz,sr2,srf,srw,sti
22:46:48: Registering ResourceManager for type HighLevelGpuProgram
22:46:48: Registering ResourceManager for type Compositor
22:46:48: MovableObjectFactory for type 'Entity' registered.
22:46:48: MovableObjectFactory for type 'Light' registered.
22:46:48: MovableObjectFactory for type 'BillboardSet' registered.
22:46:48: MovableObjectFactory for type 'ManualObject' registered.
22:46:48: MovableObjectFactory for type 'BillboardChain' registered.
22:46:48: MovableObjectFactory for type 'RibbonTrail' registered.
22:46:48: *-*-* OGRE Initialising
22:46:48: *-*-* Version 1.8.1 (Byatis)
22:46:48: Loading library /usr/lib/i386-linux-gnu/OGRE-1.8.0/RenderSystem_GL
22:46:48: Installing plugin: GL RenderSystem
22:46:48: OpenGL Rendering Subsystem created.
22:46:48: Plugin successfully installed
22:46:48: Loading library /usr/lib/i386-linux-gnu/OGRE-1.8.0/Plugin_OctreeSceneManager
22:46:48: Installing plugin: Octree Scene Manager
22:46:48: Plugin successfully installed
22:46:48: Loading library /usr/lib/i386-linux-gnu/OGRE-1.8.0/Plugin_ParticleFX
22:46:48: Installing plugin: ParticleFX
22:46:48: Particle Emitter Type 'Point' registered
22:46:48: Particle Emitter Type 'Box' registered
22:46:48: Particle Emitter Type 'Ellipsoid' registered
22:46:48: Particle Emitter Type 'Cylinder' registered
22:46:48: Particle Emitter Type 'Ring' registered
22:46:48: Particle Emitter Type 'HollowEllipsoid' registered
22:46:48: Particle Affector Type 'LinearForce' registered
22:46:48: Particle Affector Type 'ColourFader' registered
22:46:48: Particle Affector Type 'ColourFader2' registered
22:46:48: Particle Affector Type 'ColourImage' registered
22:46:48: Particle Affector Type 'ColourInterpolator' registered
22:46:48: Particle Affector Type 'Scaler' registered
22:46:48: Particle Affector Type 'Rotator' registered
22:46:48: Particle Affector Type 'DirectionRandomiser' registered
22:46:48: Particle Affector Type 'DeflectorPlane' registered
22:46:48: Plugin successfully installed
22:46:48: CPU Identifier & Features
22:46:48: -------------------------
22:46:48:  *   CPU ID: GenuineIntel: Intel(R) Core(TM) i5-3317U CPU @ 1.70GHz
22:46:48:  *      SSE: yes
22:46:48:  *     SSE2: yes
22:46:48:  *     SSE3: yes
22:46:48:  *      MMX: yes
22:46:48:  *   MMXEXT: yes
22:46:48:  *    3DNOW: no
22:46:48:  * 3DNOWEXT: no
22:46:48:  *     CMOV: yes
22:46:48:  *      TSC: yes
22:46:48:  *      FPU: yes
22:46:48:  *      PRO: yes
22:46:48:  *       HT: no
22:46:48: -------------------------
22:46:48: ******************************
*** Starting GLX Subsystem ***
******************************
22:46:48: Registering ResourceManager for type Texture
22:46:48: GLRenderSystem::_createRenderWindow "OgreWindow(0)", 1x1 windowed  miscParams: externalGLControl= macAPI=carbon parentWindowHandle=67108865 
22:46:48: GLXWindow::create used FBConfigID = 103
22:46:48: GL_VERSION = 3.0 Mesa 10.1.3
22:46:48: GL_VENDOR = Intel Open Source Technology Center
22:46:48: GL_RENDERER = Mesa DRI Intel(R) Ivybridge Mobile x86/MMX/SSE2
22:46:48: GL_EXTENSIONS = GL_ARB_multisample GL_EXT_abgr GL_EXT_bgra GL_EXT_blend_color GL_EXT_blend_minmax GL_EXT_blend_subtract GL_EXT_copy_texture GL_EXT_polygon_offset GL_EXT_subtexture GL_EXT_texture_object GL_EXT_vertex_array GL_EXT_compiled_vertex_array GL_EXT_texture GL_EXT_texture3D GL_IBM_rasterpos_clip GL_ARB_point_parameters GL_EXT_draw_range_elements GL_EXT_packed_pixels GL_EXT_point_parameters GL_EXT_rescale_normal GL_EXT_separate_specular_color GL_EXT_texture_edge_clamp GL_SGIS_generate_mipmap GL_SGIS_texture_border_clamp GL_SGIS_texture_edge_clamp GL_SGIS_texture_lod GL_ARB_framebuffer_sRGB GL_ARB_multitexture GL_EXT_framebuffer_sRGB GL_IBM_multimode_draw_arrays GL_IBM_texture_mirrored_repeat GL_3DFX_texture_compression_FXT1 GL_ARB_texture_cube_map GL_ARB_texture_env_add GL_ARB_transpose_matrix GL_EXT_blend_func_separate GL_EXT_fog_coord GL_EXT_multi_draw_arrays GL_EXT_secondary_color GL_EXT_texture_env_add GL_EXT_texture_filter_anisotropic GL_EXT_texture_lod_bias GL_INGR_blend_func_separate GL_NV_blend_square GL_NV_light_max_exponent GL_NV_texgen_reflection GL_NV_texture_env_combine4 GL_S3_s3tc GL_SUN_multi_draw_arrays GL_ARB_texture_border_clamp GL_ARB_texture_compression GL_EXT_framebuffer_object GL_EXT_texture_compression_s3tc GL_EXT_texture_env_combine GL_EXT_texture_env_dot3 GL_MESA_window_pos GL_NV_packed_depth_stencil GL_NV_texture_rectangle GL_ARB_depth_texture GL_ARB_occlusion_query GL_ARB_shadow GL_ARB_texture_env_combine GL_ARB_texture_env_crossbar GL_ARB_texture_env_dot3 GL_ARB_texture_mirrored_repeat GL_ARB_window_pos GL_ATI_envmap_bumpmap GL_EXT_stencil_two_side GL_EXT_texture_cube_map GL_NV_depth_clamp GL_APPLE_packed_pixels GL_APPLE_vertex_array_object GL_ARB_draw_buffers GL_ARB_fragment_program GL_ARB_fragment_shader GL_ARB_shader_objects GL_ARB_vertex_program GL_ARB_vertex_shader GL_ATI_draw_buffers GL_ATI_texture_env_combine3 GL_ATI_texture_float GL_EXT_shadow_funcs GL_EXT_stencil_wrap GL_MESA_pack_invert GL_NV_primitive_restart GL_ARB_depth_clamp GL_ARB_fragment_program_shadow GL_ARB_half_float_pixel GL_ARB_occlusion_query2 GL_ARB_point_sprite GL_ARB_shading_language_100 GL_ARB_sync GL_ARB_texture_non_power_of_two GL_ARB_vertex_buffer_object GL_ATI_blend_equation_separate GL_EXT_blend_equation_separate GL_OES_read_format GL_ARB_color_buffer_float GL_ARB_pixel_buffer_object GL_ARB_texture_compression_rgtc GL_ARB_texture_float GL_ARB_texture_rectangle GL_EXT_packed_float GL_EXT_pixel_buffer_object GL_EXT_texture_compression_dxt1 GL_EXT_texture_compression_rgtc GL_EXT_texture_rectangle GL_EXT_texture_sRGB GL_EXT_texture_shared_exponent GL_ARB_framebuffer_object GL_EXT_framebuffer_blit GL_EXT_framebuffer_multisample GL_EXT_packed_depth_stencil GL_APPLE_object_purgeable GL_ARB_vertex_array_object GL_ATI_separate_stencil GL_EXT_draw_buffers2 GL_EXT_draw_instanced GL_EXT_gpu_program_parameters GL_EXT_texture_array GL_EXT_texture_integer GL_EXT_texture_sRGB_decode GL_EXT_timer_query GL_OES_EGL_image GL_AMD_performance_monitor GL_ARB_copy_buffer GL_ARB_depth_buffer_float GL_ARB_draw_instanced GL_ARB_half_float_vertex GL_ARB_instanced_arrays GL_ARB_map_buffer_range GL_ARB_texture_rg GL_ARB_texture_swizzle GL_ARB_vertex_array_bgra GL_EXT_separate_shader_objects GL_EXT_texture_swizzle GL_EXT_vertex_array_bgra GL_NV_conditional_render GL_AMD_conservative_depth GL_AMD_draw_buffers_blend GL_AMD_seamless_cubemap_per_texture GL_ARB_ES2_compatibility GL_ARB_blend_func_extended GL_ARB_debug_output GL_ARB_draw_buffers_blend GL_ARB_draw_elements_base_vertex GL_ARB_explicit_attrib_location GL_ARB_fragment_coord_conventions GL_ARB_provoking_vertex GL_ARB_sample_shading GL_ARB_sampler_objects GL_ARB_seamless_cube_map GL_ARB_shader_texture_lod GL_ARB_texture_cube_map_array GL_ARB_texture_gather GL_ARB_texture_multisample GL_ARB_texture_query_lod GL_ARB_texture_rgb10_a2ui GL_ARB_uniform_buffer_object GL_ARB_vertex_type_2_10_10_10_rev GL_EXT_provoking_vertex GL_EXT_texture_snorm GL_MESA_texture_signed_rgba GL_ARB_get_program_binary GL_ARB_robustness GL_ARB_shader_bit_encoding GL_ARB_timer_query GL_ARB_transform_feedback2 GL_ARB_transform_feedback3 GL_ANGLE_texture_compression_dxt3 GL_ANGLE_texture_compression_dxt5 GL_ARB_conservative_depth GL_ARB_internalformat_query GL_ARB_map_buffer_alignment GL_ARB_shader_atomic_counters GL_ARB_shading_language_420pack GL_ARB_shading_language_packing GL_ARB_texture_storage GL_ARB_transform_feedback_instanced GL_EXT_framebuffer_multisample_blit_scaled GL_EXT_transform_feedback GL_AMD_shader_trinary_minmax GL_ARB_ES3_compatibility GL_ARB_clear_buffer_object GL_ARB_invalidate_subdata GL_ARB_texture_query_levels GL_ARB_texture_storage_multisample GL_ARB_vertex_attrib_binding GL_KHR_debug GL_ARB_texture_mirror_clamp_to_edge GL_ARB_vertex_type_10f_11f_11f_rev GL_EXT_shader_integer_mix 
22:46:48: Supported GLX extensions: GLX_ARB_create_context GLX_ARB_create_context_profile GLX_ARB_create_context_robustness GLX_ARB_fbconfig_float GLX_ARB_framebuffer_sRGB GLX_ARB_get_proc_address GLX_ARB_multisample GLX_EXT_import_context GLX_EXT_visual_info GLX_EXT_visual_rating GLX_EXT_framebuffer_sRGB GLX_EXT_create_context_es2_profile GLX_MESA_copy_sub_buffer GLX_MESA_multithread_makecurrent GLX_MESA_query_renderer GLX_MESA_swap_control GLX_OML_swap_method GLX_OML_sync_control GLX_SGI_make_current_read GLX_SGI_swap_control GLX_SGI_video_sync GLX_SGIS_multisample GLX_SGIX_fbconfig GLX_SGIX_pbuffer GLX_SGIX_visual_select_group GLX_EXT_texture_from_pixmap GLX_INTEL_swap_event 
22:46:48: ***************************
22:46:48: *** GL Renderer Started ***
22:46:48: ***************************
22:46:48: Registering ResourceManager for type GpuProgram
22:46:48: GLSL support detected
22:46:48: GL: Using GL_EXT_framebuffer_object for rendering to textures (best)
22:46:48: FBO PF_UNKNOWN depth/stencil support: D0S1 D0S4 D0S8 D0S16 D16S0 D16S1 D16S4 D16S8 D16S16 D24S0 D24S1 D24S4 D24S8 D24S16 D32S0 D32S1 D32S4 D32S8 D32S16 Packed-D24S8 
22:46:48: FBO PF_A8 depth/stencil support: D0S0 D0S1 D0S4 D0S8 D0S16 D16S0 D16S1 D16S4 D16S8 D16S16 D24S0 D24S1 D24S4 D24S8 D24S16 D32S0 D32S1 D32S4 D32S8 D32S16 Packed-D24S8 
22:46:48: FBO PF_R5G6B5 depth/stencil support: D0S0 D0S1 D0S4 D0S8 D0S16 D16S0 D16S1 D16S4 D16S8 D16S16 D24S0 D24S1 D24S4 D24S8 D24S16 D32S0 D32S1 D32S4 D32S8 D32S16 Packed-D24S8 
22:46:48: FBO PF_B5G6R5 depth/stencil support: D0S0 D0S1 D0S4 D0S8 D0S16 D16S0 D16S1 D16S4 D16S8 D16S16 D24S0 D24S1 D24S4 D24S8 D24S16 D32S0 D32S1 D32S4 D32S8 D32S16 Packed-D24S8 
22:46:48: FBO PF_A4R4G4B4 depth/stencil support: D0S0 D0S1 D0S4 D0S8 D0S16 D16S0 D16S1 D16S4 D16S8 D16S16 D24S0 D24S1 D24S4 D24S8 D24S16 D32S0 D32S1 D32S4 D32S8 D32S16 Packed-D24S8 
22:46:48: FBO PF_A1R5G5B5 depth/stencil support: D0S0 D0S1 D0S4 D0S8 D0S16 D16S0 D16S1 D16S4 D16S8 D16S16 D24S0 D24S1 D24S4 D24S8 D24S16 D32S0 D32S1 D32S4 D32S8 D32S16 Packed-D24S8 
22:46:48: FBO PF_R8G8B8 depth/stencil support: D0S0 D0S1 D0S4 D0S8 D0S16 D16S0 D16S1 D16S4 D16S8 D16S16 D24S0 D24S1 D24S4 D24S8 D24S16 D32S0 D32S1 D32S4 D32S8 D32S16 Packed-D24S8 
22:46:48: FBO PF_B8G8R8 depth/stencil support: D0S0 D0S1 D0S4 D0S8 D0S16 D16S0 D16S1 D16S4 D16S8 D16S16 D24S0 D24S1 D24S4 D24S8 D24S16 D32S0 D32S1 D32S4 D32S8 D32S16 Packed-D24S8 
22:46:48: FBO PF_A8R8G8B8 depth/stencil support: D0S0 D0S1 D0S4 D0S8 D0S16 D16S0 D16S1 D16S4 D16S8 D16S16 D24S0 D24S1 D24S4 D24S8 D24S16 D32S0 D32S1 D32S4 D32S8 D32S16 Packed-D24S8 
22:46:48: FBO PF_B8G8R8A8 depth/stencil support: D0S0 D0S1 D0S4 D0S8 D0S16 D16S0 D16S1 D16S4 D16S8 D16S16 D24S0 D24S1 D24S4 D24S8 D24S16 D32S0 D32S1 D32S4 D32S8 D32S16 Packed-D24S8 
22:46:48: FBO PF_A2R10G10B10 depth/stencil support: D0S0 D0S1 D0S4 D0S8 D0S16 D16S0 D16S1 D16S4 D16S8 D16S16 D24S0 D24S1 D24S4 D24S8 D24S16 D32S0 D32S1 D32S4 D32S8 D32S16 Packed-D24S8 
22:46:48: FBO PF_A2B10G10R10 depth/stencil support: D0S0 D0S1 D0S4 D0S8 D0S16 D16S0 D16S1 D16S4 D16S8 D16S16 D24S0 D24S1 D24S4 D24S8 D24S16 D32S0 D32S1 D32S4 D32S8 D32S16 Packed-D24S8 
22:46:48: FBO PF_FLOAT16_RGBA depth/stencil support: D0S0 D0S1 D0S4 D0S8 D0S16 D16S0 D16S1 D16S4 D16S8 D16S16 D24S0 D24S1 D24S4 D24S8 D24S16 D32S0 D32S1 D32S4 D32S8 D32S16 Packed-D24S8 
22:46:48: FBO PF_FLOAT32_RGBA depth/stencil support: D0S0 D0S1 D0S4 D0S8 D0S16 D16S0 D16S1 D16S4 D16S8 D16S16 D24S0 D24S1 D24S4 D24S8 D24S16 D32S0 D32S1 D32S4 D32S8 D32S16 Packed-D24S8 
22:46:48: FBO PF_X8R8G8B8 depth/stencil support: D0S0 D0S1 D0S4 D0S8 D0S16 D16S0 D16S1 D16S4 D16S8 D16S16 D24S0 D24S1 D24S4 D24S8 D24S16 D32S0 D32S1 D32S4 D32S8 D32S16 Packed-D24S8 
22:46:48: FBO PF_X8B8G8R8 depth/stencil support: D0S0 D0S1 D0S4 D0S8 D0S16 D16S0 D16S1 D16S4 D16S8 D16S16 D24S0 D24S1 D24S4 D24S8 D24S16 D32S0 D32S1 D32S4 D32S8 D32S16 Packed-D24S8 
22:46:48: FBO PF_SHORT_RGBA depth/stencil support: D0S0 D0S1 D0S4 D0S8 D0S16 D16S0 D16S1 D16S4 D16S8 D16S16 D24S0 D24S1 D24S4 D24S8 D24S16 D32S0 D32S1 D32S4 D32S8 D32S16 Packed-D24S8 
22:46:48: FBO PF_R3G3B2 depth/stencil support: D0S0 D0S1 D0S4 D0S8 D0S16 D16S0 D16S1 D16S4 D16S8 D16S16 D24S0 D24S1 D24S4 D24S8 D24S16 D32S0 D32S1 D32S4 D32S8 D32S16 Packed-D24S8 
22:46:48: FBO PF_FLOAT16_R depth/stencil support: D0S0 D0S1 D0S4 D0S8 D0S16 D16S0 D16S1 D16S4 D16S8 D16S16 D24S0 D24S1 D24S4 D24S8 D24S16 D32S0 D32S1 D32S4 D32S8 D32S16 Packed-D24S8 
22:46:48: FBO PF_FLOAT32_R depth/stencil support: D0S0 D0S1 D0S4 D0S8 D0S16 D16S0 D16S1 D16S4 D16S8 D16S16 D24S0 D24S1 D24S4 D24S8 D24S16 D32S0 D32S1 D32S4 D32S8 D32S16 Packed-D24S8 
22:46:48: [GL] : Valid FBO targets PF_UNKNOWN PF_A8 PF_R5G6B5 PF_B5G6R5 PF_A4R4G4B4 PF_A1R5G5B5 PF_R8G8B8 PF_B8G8R8 PF_A8R8G8B8 PF_B8G8R8A8 PF_A2R10G10B10 PF_A2B10G10R10 PF_FLOAT16_RGBA PF_FLOAT32_RGBA PF_X8R8G8B8 PF_X8B8G8R8 PF_SHORT_RGBA PF_R3G3B2 PF_FLOAT16_R PF_FLOAT32_R 
22:46:48: RenderSystem capabilities
22:46:48: -------------------------
22:46:48: RenderSystem Name: OpenGL Rendering Subsystem
22:46:48: GPU Vendor: intel
22:46:48: Device Name: Mesa DRI Intel(R) Ivybridge Mobile x86/MMX/SSE2
22:46:48: Driver Version: 3.0.0.0
22:46:48:  * Fixed function pipeline: yes
22:46:48:  * Hardware generation of mipmaps: no
22:46:48:  * Texture blending: yes
22:46:48:  * Anisotropic texture filtering: yes
22:46:48:  * Dot product texture operation: yes
22:46:48:  * Cube mapping: yes
22:46:48:  * Hardware stencil buffer: yes
22:46:48:    - Stencil depth: 8
22:46:48:    - Two sided stencil support: yes
22:46:48:    - Wrap stencil values: yes
22:46:48:  * Hardware vertex / index buffers: yes
22:46:48:  * Vertex programs: yes
22:46:48:  * Number of floating-point constants for vertex programs: 4096
22:46:48:  * Number of integer constants for vertex programs: 0
22:46:48:  * Number of boolean constants for vertex programs: 0
22:46:48:  * Fragment programs: yes
22:46:48:  * Number of floating-point constants for fragment programs: 4096
22:46:48:  * Number of integer constants for fragment programs: 0
22:46:48:  * Number of boolean constants for fragment programs: 0
22:46:48:  * Geometry programs: no
22:46:48:  * Number of floating-point constants for geometry programs: 0
22:46:48:  * Number of integer constants for geometry programs: 0
22:46:48:  * Number of boolean constants for geometry programs: 0
22:46:48:  * Supported Shader Profiles: arbfp1 arbvp1 glsl
22:46:48:  * Texture Compression: yes
22:46:48:    - DXT: yes
22:46:48:    - VTC: no
22:46:48:    - PVRTC: no
22:46:48:  * Scissor Rectangle: yes
22:46:48:  * Hardware Occlusion Query: yes
22:46:48:  * User clip planes: yes
22:46:48:  * VET_UBYTE4 vertex element type: yes
22:46:48:  * Infinite far plane projection: yes
22:46:48:  * Hardware render-to-texture: yes
22:46:48:  * Floating point textures: yes
22:46:48:  * Non-power-of-two textures: yes
22:46:48:  * Volume textures: yes
22:46:48:  * Multiple Render Targets: 8
22:46:48:    - With different bit depths: yes
22:46:48:  * Point Sprites: yes
22:46:48:  * Extended point parameters: yes
22:46:48:  * Max Point Size: 255
22:46:48:  * Vertex texture fetch: yes
22:46:48:  * Number of world matrices: 0
22:46:48:  * Number of texture units: 16
22:46:48:  * Stencil buffer depth: 8
22:46:48:  * Number of vertex blend matrices: 0
22:46:48:    - Max vertex textures: 16
22:46:48:    - Vertex textures shared: yes
22:46:48:  * Render to Vertex Buffer : no
22:46:48:  * GL 1.5 without VBO workaround: no
22:46:48:  * Frame Buffer objects: yes
22:46:48:  * Frame Buffer objects (ARB extension): no
22:46:48:  * Frame Buffer objects (ATI extension): no
22:46:48:  * PBuffer support: yes
22:46:48:  * GL 1.5 without HW-occlusion workaround: no
22:46:48:  * Separate shader objects: no
22:46:48: DefaultWorkQueue('Root') initialising on thread b7488700.
22:46:48: DefaultWorkQueue('Root')::WorkerFunc - thread 9bed1b40 starting.
22:46:48: DefaultWorkQueue('Root')::WorkerFunc - thread 9b6d0b40 starting.
22:46:48: DefaultWorkQueue('Root')::WorkerFunc - thread 9aecfb40 starting.
22:46:48: DefaultWorkQueue('Root')::WorkerFunc - thread 9a6ceb40 starting.
22:46:48: Particle Renderer Type 'billboard' registered
22:46:48: SceneManagerFactory for type 'OctreeSceneManager' registered.
22:46:48: Creating resource group rviz
22:46:48: Added resource location '/opt/ros/indigo/share/rviz/ogre_media' of type 'FileSystem' to resource group 'rviz'
22:46:48: Added resource location '/opt/ros/indigo/share/rviz/ogre_media/textures' of type 'FileSystem' to resource group 'rviz'
22:46:48: Added resource location '/opt/ros/indigo/share/rviz/ogre_media/fonts' of type 'FileSystem' to resource group 'rviz'
22:46:48: Added resource location '/opt/ros/indigo/share/rviz/ogre_media/models' of type 'FileSystem' to resource group 'rviz'
22:46:48: Added resource location '/opt/ros/indigo/share/rviz/ogre_media/materials' of type 'FileSystem' to resource group 'rviz'
22:46:48: Added resource location '/opt/ros/indigo/share/rviz/ogre_media/materials/scripts' of type 'FileSystem' to resource group 'rviz'
22:46:48: Added resource location '/opt/ros/indigo/share/rviz/ogre_media/materials/glsl120' of type 'FileSystem' to resource group 'rviz'
22:46:48: Added resource location '/opt/ros/indigo/share/rviz/ogre_media/materials/glsl120/nogp' of type 'FileSystem' to resource group 'rviz'
22:46:48: Added resource location '/opt/ros/indigo/share/rviz/ogre_media/materials/scripts120' of type 'FileSystem' to resource group 'rviz'
22:46:48: Parsing scripts for resource group Autodetect
22:46:48: Finished parsing scripts for resource group Autodetect
22:46:48: Creating resources for group Autodetect
22:46:48: All done
22:46:48: Parsing scripts for resource group General
22:46:48: Finished parsing scripts for resource group General
22:46:48: Creating resources for group General
22:46:48: All done
22:46:48: Parsing scripts for resource group Internal
22:46:48: Finished parsing scripts for resource group Internal
22:46:48: Creating resources for group Internal
22:46:48: All done
22:46:48: Parsing scripts for resource group rviz
22:46:48: Parsing script glsl120.program
22:46:48: Parsing script nogp.program
22:46:48: Parsing script indexed_8bit_image.material
22:46:48: Parsing script point_cloud_tile.material
22:46:48: Parsing script default_pick_and_depth.material
22:46:48: Parsing script point_cloud_point.material
22:46:48: Parsing script point_cloud_sphere.material
22:46:48: Parsing script point_cloud_box.material
22:46:48: Parsing script point_cloud_square.material
22:46:48: Parsing script point_cloud_flat_square.material
22:46:48: Parsing script arial.fontdef
22:46:48: Finished parsing scripts for resource group rviz
22:46:48: Creating resources for group rviz
22:46:48: All done
22:46:48: GLRenderSystem::_createRenderWindow "OgreWindow(1)", 100x30 windowed  miscParams: externalGLControl= macAPI=carbon parentWindowHandle=33554497 
22:46:48: GLXWindow::create used FBConfigID = 103
22:46:48: Mesh: Loading rviz_sphere.mesh.
22:46:48: Texture: SelectionRect0Texture: Loading 1 faces(PF_R8G8B8A8,1x1x1) with 0 generated mipmaps from Image. Internal format is PF_A8R8G8B8,1x1x1.
22:46:49: Mesh: Loading rviz_cylinder.mesh.
22:46:49: Mesh: Loading rviz_cone.mesh.
22:46:50: GLSL compiled: 
22:46:50:  Fragment Program:rviz/glsl120/black.frag GLSL link result : 
